{"/Users/yholomb/personal/test-ts/src/runner.ts": {"path":"/Users/yholomb/personal/test-ts/src/runner.ts","statementMap":{"0":{"start":{"line":1,"column":0},"end":{"line":1,"column":71}},"1":{"start":{"line":2,"column":0},"end":{"line":2,"column":56}},"2":{"start":{"line":3,"column":0},"end":{"line":3,"column":41}},"3":{"start":{"line":5,"column":19},"end":{"line":5,"column":53}},"4":{"start":{"line":6,"column":0},"end":{"line":6,"column":39}},"5":{"start":{"line":7,"column":0},"end":{"line":7,"column":40}},"6":{"start":{"line":8,"column":0},"end":{"line":8,"column":49}},"7":{"start":{"line":9,"column":0},"end":{"line":9,"column":44}},"8":{"start":{"line":10,"column":0},"end":{"line":10,"column":56}},"9":{"start":{"line":19,"column":4},"end":{"line":27,"column":5}},"10":{"start":{"line":20,"column":19},"end":{"line":20,"column":42}},"11":{"start":{"line":22,"column":6},"end":{"line":24,"column":7}},"12":{"start":{"line":23,"column":8},"end":{"line":23,"column":59}},"13":{"start":{"line":26,"column":6},"end":{"line":26,"column":34}},"14":{"start":{"line":29,"column":19},"end":{"line":29,"column":51}},"15":{"start":{"line":31,"column":4},"end":{"line":31,"column":30}},"16":{"start":{"line":33,"column":4},"end":{"line":33,"column":47}},"17":{"start":{"line":35,"column":4},"end":{"line":39,"column":5}},"18":{"start":{"line":36,"column":6},"end":{"line":38,"column":8}},"19":{"start":{"line":43,"column":0},"end":{"line":43,"column":22}}},"fnMap":{"0":{"name":"(anonymous_0)","decl":{"start":{"line":13,"column":2},"end":{"line":13,"column":25}},"loc":{"start":{"line":13,"column":2},"end":{"line":13,"column":26}}},"1":{"name":"(anonymous_1)","decl":{"start":{"line":18,"column":2},"end":{"line":18,"column":8}},"loc":{"start":{"line":18,"column":35},"end":{"line":40,"column":3}}}},"branchMap":{"0":{"loc":{"start":{"line":19,"column":4},"end":{"line":27,"column":5}},"type":"if","locations":[{"start":{"line":19,"column":4},"end":{"line":27,"column":5}}]},"1":{"loc":{"start":{"line":19,"column":8},"end":{"line":19,"column":48}},"type":"binary-expr","locations":[{"start":{"line":19,"column":8},"end":{"line":19,"column":25}},{"start":{"line":19,"column":29},"end":{"line":19,"column":48}}]},"2":{"loc":{"start":{"line":22,"column":6},"end":{"line":24,"column":7}},"type":"if","locations":[{"start":{"line":22,"column":6},"end":{"line":24,"column":7}}]},"3":{"loc":{"start":{"line":35,"column":4},"end":{"line":39,"column":5}},"type":"if","locations":[{"start":{"line":35,"column":4},"end":{"line":39,"column":5}}]}},"s":{"0":0,"1":0,"2":0,"3":0,"4":0,"5":0,"6":0,"7":0,"8":0,"9":0,"10":0,"11":0,"12":0,"13":0,"14":0,"15":0,"16":0,"17":0,"18":0,"19":0},"f":{"0":0,"1":0},"b":{"0":[0],"1":[0,0],"2":[0],"3":[0]}}
,"/Users/yholomb/personal/test-ts/src/entities/Community.ts": {"path":"/Users/yholomb/personal/test-ts/src/entities/Community.ts","statementMap":{"0":{"start":{"line":5,"column":35},"end":{"line":9,"column":2}},"1":{"start":{"line":12,"column":2},"end":{"line":18,"column":3}},"2":{"start":{"line":13,"column":4},"end":{"line":13,"column":30}},"3":{"start":{"line":14,"column":4},"end":{"line":14,"column":30}},"4":{"start":{"line":15,"column":4},"end":{"line":15,"column":32}},"5":{"start":{"line":17,"column":4},"end":{"line":17,"column":20}},"6":{"start":{"line":20,"column":2},"end":{"line":25,"column":3}},"7":{"start":{"line":21,"column":4},"end":{"line":21,"column":30}},"8":{"start":{"line":22,"column":4},"end":{"line":22,"column":32}},"9":{"start":{"line":24,"column":4},"end":{"line":24,"column":20}},"10":{"start":{"line":27,"column":2},"end":{"line":31,"column":3}},"11":{"start":{"line":28,"column":4},"end":{"line":28,"column":32}},"12":{"start":{"line":30,"column":4},"end":{"line":30,"column":20}},"13":{"start":{"line":32,"column":2},"end":{"line":32,"column":18}},"14":{"start":{"line":41,"column":2},"end":{"line":41,"column":24}},"15":{"start":{"line":37,"column":4},"end":{"line":37,"column":21}},"16":{"start":{"line":44,"column":4},"end":{"line":44,"column":29}},"17":{"start":{"line":48,"column":4},"end":{"line":48,"column":73}},"18":{"start":{"line":48,"column":49},"end":{"line":48,"column":71}},"19":{"start":{"line":52,"column":4},"end":{"line":52,"column":72}},"20":{"start":{"line":52,"column":49},"end":{"line":52,"column":70}},"21":{"start":{"line":56,"column":4},"end":{"line":56,"column":63}},"22":{"start":{"line":56,"column":41},"end":{"line":56,"column":61}},"23":{"start":{"line":60,"column":4},"end":{"line":62,"column":5}},"24":{"start":{"line":61,"column":6},"end":{"line":61,"column":78}},"25":{"start":{"line":63,"column":17},"end":{"line":63,"column":71}},"26":{"start":{"line":63,"column":55},"end":{"line":63,"column":69}},"27":{"start":{"line":64,"column":4},"end":{"line":64,"column":24}},"28":{"start":{"line":68,"column":4},"end":{"line":70,"column":5}},"29":{"start":{"line":69,"column":6},"end":{"line":69,"column":78}},"30":{"start":{"line":71,"column":17},"end":{"line":75,"column":7}},"31":{"start":{"line":71,"column":62},"end":{"line":75,"column":6}},"32":{"start":{"line":76,"column":4},"end":{"line":76,"column":24}},"33":{"start":{"line":80,"column":4},"end":{"line":82,"column":5}},"34":{"start":{"line":81,"column":6},"end":{"line":81,"column":74}},"35":{"start":{"line":83,"column":19},"end":{"line":83,"column":70}},"36":{"start":{"line":83,"column":47},"end":{"line":83,"column":69}},"37":{"start":{"line":84,"column":4},"end":{"line":88,"column":5}},"38":{"start":{"line":85,"column":6},"end":{"line":85,"column":44}},"39":{"start":{"line":87,"column":6},"end":{"line":87,"column":32}},"40":{"start":{"line":92,"column":4},"end":{"line":94,"column":5}},"41":{"start":{"line":93,"column":6},"end":{"line":93,"column":74}},"42":{"start":{"line":96,"column":21},"end":{"line":108,"column":null}},"43":{"start":{"line":98,"column":8},"end":{"line":104,"column":11}},"44":{"start":{"line":99,"column":10},"end":{"line":103,"column":11}},"45":{"start":{"line":100,"column":12},"end":{"line":100,"column":31}},"46":{"start":{"line":102,"column":12},"end":{"line":102,"column":29}},"47":{"start":{"line":106,"column":8},"end":{"line":106,"column":24}},"48":{"start":{"line":110,"column":26},"end":{"line":114,"column":null}},"49":{"start":{"line":112,"column":8},"end":{"line":112,"column":58}},"50":{"start":{"line":117,"column":4},"end":{"line":123,"column":5}},"51":{"start":{"line":118,"column":6},"end":{"line":118,"column":66}},"52":{"start":{"line":120,"column":6},"end":{"line":122,"column":8}},"53":{"start":{"line":124,"column":4},"end":{"line":126,"column":6}},"54":{"start":{"line":127,"column":4},"end":{"line":129,"column":6}},"55":{"start":{"line":131,"column":4},"end":{"line":131,"column":25}},"56":{"start":{"line":135,"column":0},"end":{"line":135,"column":25}}},"fnMap":{"0":{"name":"createNewTopThree","decl":{"start":{"line":11,"column":9},"end":{"line":11,"column":26}},"loc":{"start":{"line":11,"column":75},"end":{"line":33,"column":1}}},"1":{"name":"(anonymous_1)","decl":{"start":{"line":36,"column":2},"end":{"line":36,"column":14}},"loc":{"start":{"line":36,"column":26},"end":{"line":38,"column":3}}},"2":{"name":"(anonymous_2)","decl":{"start":{"line":43,"column":2},"end":{"line":43,"column":11}},"loc":{"start":{"line":43,"column":24},"end":{"line":45,"column":3}}},"3":{"name":"(anonymous_3)","decl":{"start":{"line":47,"column":2},"end":{"line":47,"column":14}},"loc":{"start":{"line":47,"column":27},"end":{"line":49,"column":3}}},"4":{"name":"(anonymous_4)","decl":{"start":{"line":48,"column":39},"end":{"line":48,"column":45}},"loc":{"start":{"line":48,"column":49},"end":{"line":48,"column":71}}},"5":{"name":"(anonymous_5)","decl":{"start":{"line":51,"column":2},"end":{"line":51,"column":18}},"loc":{"start":{"line":51,"column":34},"end":{"line":53,"column":3}}},"6":{"name":"(anonymous_6)","decl":{"start":{"line":52,"column":39},"end":{"line":52,"column":45}},"loc":{"start":{"line":52,"column":49},"end":{"line":52,"column":70}}},"7":{"name":"(anonymous_7)","decl":{"start":{"line":55,"column":2},"end":{"line":55,"column":11}},"loc":{"start":{"line":55,"column":26},"end":{"line":57,"column":3}}},"8":{"name":"(anonymous_8)","decl":{"start":{"line":56,"column":31},"end":{"line":56,"column":37}},"loc":{"start":{"line":56,"column":41},"end":{"line":56,"column":61}}},"9":{"name":"(anonymous_9)","decl":{"start":{"line":59,"column":2},"end":{"line":59,"column":13}},"loc":{"start":{"line":59,"column":13},"end":{"line":65,"column":3}}},"10":{"name":"(anonymous_10)","decl":{"start":{"line":63,"column":34},"end":{"line":63,"column":35}},"loc":{"start":{"line":63,"column":55},"end":{"line":63,"column":69}}},"11":{"name":"(anonymous_11)","decl":{"start":{"line":67,"column":2},"end":{"line":67,"column":21}},"loc":{"start":{"line":67,"column":21},"end":{"line":77,"column":3}}},"12":{"name":"(anonymous_12)","decl":{"start":{"line":71,"column":34},"end":{"line":71,"column":35}},"loc":{"start":{"line":71,"column":62},"end":{"line":75,"column":6}}},"13":{"name":"(anonymous_13)","decl":{"start":{"line":79,"column":2},"end":{"line":79,"column":19}},"loc":{"start":{"line":79,"column":36},"end":{"line":89,"column":3}}},"14":{"name":"(anonymous_14)","decl":{"start":{"line":83,"column":37},"end":{"line":83,"column":43}},"loc":{"start":{"line":83,"column":47},"end":{"line":83,"column":69}}},"15":{"name":"(anonymous_15)","decl":{"start":{"line":91,"column":2},"end":{"line":91,"column":14}},"loc":{"start":{"line":91,"column":14},"end":{"line":132,"column":3}}},"16":{"name":"(anonymous_16)","decl":{"start":{"line":97,"column":6},"end":{"line":97,"column":7}},"loc":{"start":{"line":97,"column":27},"end":{"line":107,"column":7}}},"17":{"name":"(anonymous_17)","decl":{"start":{"line":98,"column":29},"end":{"line":98,"column":33}},"loc":{"start":{"line":98,"column":36},"end":{"line":104,"column":9}}},"18":{"name":"(anonymous_18)","decl":{"start":{"line":111,"column":6},"end":{"line":111,"column":7}},"loc":{"start":{"line":111,"column":36},"end":{"line":113,"column":7}}}},"branchMap":{"0":{"loc":{"start":{"line":12,"column":2},"end":{"line":18,"column":3}},"type":"if","locations":[{"start":{"line":12,"column":2},"end":{"line":18,"column":3}}]},"1":{"loc":{"start":{"line":20,"column":2},"end":{"line":25,"column":3}},"type":"if","locations":[{"start":{"line":20,"column":2},"end":{"line":25,"column":3}}]},"2":{"loc":{"start":{"line":27,"column":2},"end":{"line":31,"column":3}},"type":"if","locations":[{"start":{"line":27,"column":2},"end":{"line":31,"column":3}}]},"3":{"loc":{"start":{"line":60,"column":4},"end":{"line":62,"column":5}},"type":"if","locations":[{"start":{"line":60,"column":4},"end":{"line":62,"column":5}}]},"4":{"loc":{"start":{"line":68,"column":4},"end":{"line":70,"column":5}},"type":"if","locations":[{"start":{"line":68,"column":4},"end":{"line":70,"column":5}}]},"5":{"loc":{"start":{"line":80,"column":4},"end":{"line":82,"column":5}},"type":"if","locations":[{"start":{"line":80,"column":4},"end":{"line":82,"column":5}}]},"6":{"loc":{"start":{"line":84,"column":4},"end":{"line":88,"column":5}},"type":"if","locations":[{"start":{"line":84,"column":4},"end":{"line":88,"column":5}},{"start":{"line":86,"column":11},"end":{"line":88,"column":5}}]},"7":{"loc":{"start":{"line":92,"column":4},"end":{"line":94,"column":5}},"type":"if","locations":[{"start":{"line":92,"column":4},"end":{"line":94,"column":5}}]},"8":{"loc":{"start":{"line":99,"column":10},"end":{"line":103,"column":11}},"type":"if","locations":[{"start":{"line":99,"column":10},"end":{"line":103,"column":11}},{"start":{"line":101,"column":17},"end":{"line":103,"column":11}}]},"9":{"loc":{"start":{"line":117,"column":4},"end":{"line":123,"column":5}},"type":"if","locations":[{"start":{"line":117,"column":4},"end":{"line":123,"column":5}},{"start":{"line":119,"column":11},"end":{"line":123,"column":5}}]}},"s":{"0":1,"1":4,"2":1,"3":1,"4":1,"5":1,"6":3,"7":1,"8":1,"9":1,"10":2,"11":1,"12":1,"13":1,"14":12,"15":12,"16":15,"17":4,"18":4,"19":1,"20":1,"21":2,"22":2,"23":2,"24":1,"25":1,"26":1,"27":1,"28":2,"29":1,"30":1,"31":1,"32":1,"33":2,"34":1,"35":1,"36":1,"37":1,"38":0,"39":1,"40":1,"41":0,"42":1,"43":4,"44":8,"45":4,"46":4,"47":4,"48":1,"49":4,"50":1,"51":0,"52":1,"53":1,"54":1,"55":1,"56":1},"f":{"0":4,"1":12,"2":15,"3":4,"4":4,"5":1,"6":1,"7":2,"8":2,"9":2,"10":1,"11":2,"12":1,"13":2,"14":1,"15":1,"16":4,"17":8,"18":4},"b":{"0":[1],"1":[1],"2":[1],"3":[1],"4":[1],"5":[1],"6":[0,1],"7":[0],"8":[4,4],"9":[0,1]}}
,"/Users/yholomb/personal/test-ts/src/entities/Game.ts": {"path":"/Users/yholomb/personal/test-ts/src/entities/Game.ts","statementMap":{"0":{"start":{"line":4,"column":40},"end":{"line":8,"column":2}},"1":{"start":{"line":12,"column":4},"end":{"line":14,"column":5}},"2":{"start":{"line":13,"column":6},"end":{"line":13,"column":57}},"3":{"start":{"line":16,"column":4},"end":{"line":18,"column":5}},"4":{"start":{"line":17,"column":6},"end":{"line":17,"column":64}},"5":{"start":{"line":20,"column":4},"end":{"line":22,"column":5}},"6":{"start":{"line":21,"column":6},"end":{"line":21,"column":69}},"7":{"start":{"line":24,"column":4},"end":{"line":24,"column":21}},"8":{"start":{"line":25,"column":4},"end":{"line":25,"column":22}},"9":{"start":{"line":26,"column":4},"end":{"line":26,"column":23}},"10":{"start":{"line":30,"column":4},"end":{"line":30,"column":67}},"11":{"start":{"line":35,"column":4},"end":{"line":35,"column":29}},"12":{"start":{"line":39,"column":4},"end":{"line":39,"column":22}},"13":{"start":{"line":46,"column":0},"end":{"line":46,"column":20}}},"fnMap":{"0":{"name":"(anonymous_0)","decl":{"start":{"line":11,"column":2},"end":{"line":11,"column":14}},"loc":{"start":{"line":11,"column":56},"end":{"line":27,"column":3}}},"1":{"name":"(anonymous_1)","decl":{"start":{"line":29,"column":2},"end":{"line":29,"column":6}},"loc":{"start":{"line":29,"column":6},"end":{"line":31,"column":3}}},"2":{"name":"(anonymous_2)","decl":{"start":{"line":34,"column":2},"end":{"line":34,"column":6}},"loc":{"start":{"line":34,"column":10},"end":{"line":36,"column":3}}},"3":{"name":"(anonymous_3)","decl":{"start":{"line":38,"column":2},"end":{"line":38,"column":6}},"loc":{"start":{"line":38,"column":25},"end":{"line":40,"column":3}}}},"branchMap":{"0":{"loc":{"start":{"line":12,"column":4},"end":{"line":14,"column":5}},"type":"if","locations":[{"start":{"line":12,"column":4},"end":{"line":14,"column":5}}]},"1":{"loc":{"start":{"line":16,"column":4},"end":{"line":18,"column":5}},"type":"if","locations":[{"start":{"line":16,"column":4},"end":{"line":18,"column":5}}]},"2":{"loc":{"start":{"line":20,"column":4},"end":{"line":22,"column":5}},"type":"if","locations":[{"start":{"line":20,"column":4},"end":{"line":22,"column":5}}]}},"s":{"0":1,"1":4,"2":0,"3":4,"4":0,"5":4,"6":0,"7":4,"8":4,"9":4,"10":0,"11":0,"12":0,"13":1},"f":{"0":4,"1":0,"2":0,"3":0},"b":{"0":[0],"1":[0],"2":[0]}}
,"/Users/yholomb/personal/test-ts/src/entities/Gamer.ts": {"path":"/Users/yholomb/personal/test-ts/src/entities/Gamer.ts","statementMap":{"0":{"start":{"line":1,"column":0},"end":{"line":1,"column":34}},"1":{"start":{"line":16,"column":2},"end":{"line":16,"column":25}},"2":{"start":{"line":8,"column":4},"end":{"line":8,"column":23}},"3":{"start":{"line":9,"column":4},"end":{"line":9,"column":29}},"4":{"start":{"line":10,"column":4},"end":{"line":10,"column":25}},"5":{"start":{"line":19,"column":4},"end":{"line":19,"column":26}},"6":{"start":{"line":23,"column":4},"end":{"line":23,"column":42}},"7":{"start":{"line":27,"column":4},"end":{"line":27,"column":62}},"8":{"start":{"line":27,"column":43},"end":{"line":27,"column":60}},"9":{"start":{"line":31,"column":4},"end":{"line":31,"column":41}},"10":{"start":{"line":35,"column":0},"end":{"line":35,"column":21}}},"fnMap":{"0":{"name":"(anonymous_0)","decl":{"start":{"line":7,"column":2},"end":{"line":7,"column":14}},"loc":{"start":{"line":7,"column":46},"end":{"line":11,"column":3}}},"1":{"name":"(anonymous_1)","decl":{"start":{"line":18,"column":2},"end":{"line":18,"column":9}},"loc":{"start":{"line":18,"column":24},"end":{"line":20,"column":3}}},"2":{"name":"(anonymous_2)","decl":{"start":{"line":22,"column":2},"end":{"line":22,"column":10}},"loc":{"start":{"line":22,"column":28},"end":{"line":24,"column":3}}},"3":{"name":"(anonymous_3)","decl":{"start":{"line":26,"column":2},"end":{"line":26,"column":12}},"loc":{"start":{"line":26,"column":31},"end":{"line":28,"column":3}}},"4":{"name":"(anonymous_4)","decl":{"start":{"line":27,"column":35},"end":{"line":27,"column":39}},"loc":{"start":{"line":27,"column":43},"end":{"line":27,"column":60}}},"5":{"name":"(anonymous_5)","decl":{"start":{"line":30,"column":2},"end":{"line":30,"column":9}},"loc":{"start":{"line":30,"column":28},"end":{"line":32,"column":3}}}},"branchMap":{},"s":{"0":2,"1":20,"2":20,"3":20,"4":20,"5":3,"6":6,"7":1,"8":3,"9":3,"10":2},"f":{"0":20,"1":3,"2":6,"3":1,"4":3,"5":3},"b":{}}
,"/Users/yholomb/personal/test-ts/src/flows/communities.ts": {"path":"/Users/yholomb/personal/test-ts/src/flows/communities.ts","statementMap":{"0":{"start":{"line":1,"column":0},"end":{"line":1,"column":23}},"1":{"start":{"line":3,"column":0},"end":{"line":3,"column":44}},"2":{"start":{"line":6,"column":22},"end":{"line":6,"column":24}},"3":{"start":{"line":7,"column":18},"end":{"line":7,"column":23}},"4":{"start":{"line":9,"column":2},"end":{"line":23,"column":23}},"5":{"start":{"line":10,"column":18},"end":{"line":10,"column":50}},"6":{"start":{"line":11,"column":4},"end":{"line":14,"column":5}},"7":{"start":{"line":12,"column":6},"end":{"line":12,"column":55}},"8":{"start":{"line":13,"column":6},"end":{"line":13,"column":15}},"9":{"start":{"line":16,"column":4},"end":{"line":19,"column":5}},"10":{"start":{"line":16,"column":41},"end":{"line":16,"column":65}},"11":{"start":{"line":17,"column":6},"end":{"line":17,"column":61}},"12":{"start":{"line":18,"column":6},"end":{"line":18,"column":15}},"13":{"start":{"line":21,"column":4},"end":{"line":21,"column":26}},"14":{"start":{"line":22,"column":4},"end":{"line":22,"column":21}},"15":{"start":{"line":25,"column":2},"end":{"line":25,"column":57}},"16":{"start":{"line":27,"column":2},"end":{"line":27,"column":30}},"17":{"start":{"line":29,"column":2},"end":{"line":29,"column":20}},"18":{"start":{"line":5,"column":0},"end":{"line":5,"column":15}},"19":{"start":{"line":35,"column":2},"end":{"line":66,"column":17}},"20":{"start":{"line":36,"column":4},"end":{"line":36,"column":36}},"21":{"start":{"line":37,"column":4},"end":{"line":37,"column":42}},"22":{"start":{"line":37,"column":26},"end":{"line":37,"column":40}},"23":{"start":{"line":40,"column":6},"end":{"line":40,"column":86}},"24":{"start":{"line":42,"column":4},"end":{"line":44,"column":5}},"25":{"start":{"line":43,"column":6},"end":{"line":43,"column":16}},"26":{"start":{"line":46,"column":17},"end":{"line":46,"column":57}},"27":{"start":{"line":46,"column":39},"end":{"line":46,"column":56}},"28":{"start":{"line":47,"column":4},"end":{"line":50,"column":5}},"29":{"start":{"line":48,"column":6},"end":{"line":48,"column":58}},"30":{"start":{"line":49,"column":6},"end":{"line":49,"column":15}},"31":{"start":{"line":52,"column":4},"end":{"line":55,"column":5}},"32":{"start":{"line":53,"column":6},"end":{"line":53,"column":54}},"33":{"start":{"line":54,"column":6},"end":{"line":54,"column":15}},"34":{"start":{"line":57,"column":4},"end":{"line":57,"column":30}},"35":{"start":{"line":60,"column":6},"end":{"line":60,"column":65}},"36":{"start":{"line":61,"column":4},"end":{"line":65,"column":5}},"37":{"start":{"line":62,"column":6},"end":{"line":62,"column":15}},"38":{"start":{"line":64,"column":6},"end":{"line":64,"column":16}},"39":{"start":{"line":72,"column":2},"end":{"line":97,"column":17}},"40":{"start":{"line":73,"column":4},"end":{"line":73,"column":36}},"41":{"start":{"line":74,"column":4},"end":{"line":74,"column":51}},"42":{"start":{"line":74,"column":35},"end":{"line":74,"column":49}},"43":{"start":{"line":77,"column":6},"end":{"line":77,"column":89}},"44":{"start":{"line":79,"column":4},"end":{"line":81,"column":5}},"45":{"start":{"line":80,"column":6},"end":{"line":80,"column":16}},"46":{"start":{"line":83,"column":4},"end":{"line":86,"column":5}},"47":{"start":{"line":83,"column":42},"end":{"line":83,"column":61}},"48":{"start":{"line":84,"column":6},"end":{"line":84,"column":58}},"49":{"start":{"line":85,"column":6},"end":{"line":85,"column":15}},"50":{"start":{"line":88,"column":4},"end":{"line":88,"column":38}},"51":{"start":{"line":91,"column":6},"end":{"line":91,"column":68}},"52":{"start":{"line":92,"column":4},"end":{"line":96,"column":5}},"53":{"start":{"line":93,"column":6},"end":{"line":93,"column":15}},"54":{"start":{"line":95,"column":6},"end":{"line":95,"column":16}},"55":{"start":{"line":100,"column":32},"end":{"line":107,"column":2}},"56":{"start":{"line":111,"column":20},"end":{"line":111,"column":76}},"57":{"start":{"line":111,"column":48},"end":{"line":111,"column":75}},"58":{"start":{"line":112,"column":2},"end":{"line":114,"column":3}},"59":{"start":{"line":113,"column":4},"end":{"line":113,"column":26}},"60":{"start":{"line":115,"column":2},"end":{"line":115,"column":39}},"61":{"start":{"line":116,"column":2},"end":{"line":116,"column":27}},"62":{"start":{"line":118,"column":2},"end":{"line":118,"column":53}},"63":{"start":{"line":120,"column":14},"end":{"line":120,"column":16}},"64":{"start":{"line":121,"column":2},"end":{"line":161,"column":17}},"65":{"start":{"line":122,"column":4},"end":{"line":123,"column":113}},"66":{"start":{"line":125,"column":4},"end":{"line":129,"column":5}},"67":{"start":{"line":126,"column":6},"end":{"line":128,"column":8}},"68":{"start":{"line":131,"column":4},"end":{"line":140,"column":5}},"69":{"start":{"line":132,"column":27},"end":{"line":132,"column":79}},"70":{"start":{"line":133,"column":6},"end":{"line":139,"column":7}},"71":{"start":{"line":134,"column":8},"end":{"line":136,"column":10}},"72":{"start":{"line":135,"column":18},"end":{"line":135,"column":45}},"73":{"start":{"line":138,"column":8},"end":{"line":138,"column":26}},"74":{"start":{"line":142,"column":4},"end":{"line":144,"column":5}},"75":{"start":{"line":143,"column":6},"end":{"line":143,"column":43}},"76":{"start":{"line":146,"column":4},"end":{"line":148,"column":5}},"77":{"start":{"line":147,"column":6},"end":{"line":147,"column":48}},"78":{"start":{"line":150,"column":4},"end":{"line":152,"column":5}},"79":{"start":{"line":151,"column":6},"end":{"line":151,"column":38}},"80":{"start":{"line":154,"column":4},"end":{"line":156,"column":5}},"81":{"start":{"line":155,"column":6},"end":{"line":155,"column":31}},"82":{"start":{"line":158,"column":4},"end":{"line":160,"column":5}},"83":{"start":{"line":159,"column":6},"end":{"line":159,"column":24}},"84":{"start":{"line":165,"column":2},"end":{"line":182,"column":17}},"85":{"start":{"line":166,"column":4},"end":{"line":166,"column":42}},"86":{"start":{"line":167,"column":4},"end":{"line":167,"column":34}},"87":{"start":{"line":170,"column":6},"end":{"line":170,"column":86}},"88":{"start":{"line":172,"column":4},"end":{"line":174,"column":5}},"89":{"start":{"line":173,"column":6},"end":{"line":173,"column":24}},"90":{"start":{"line":176,"column":4},"end":{"line":179,"column":5}},"91":{"start":{"line":176,"column":37},"end":{"line":176,"column":56}},"92":{"start":{"line":177,"column":6},"end":{"line":177,"column":59}},"93":{"start":{"line":178,"column":6},"end":{"line":178,"column":15}},"94":{"start":{"line":181,"column":4},"end":{"line":181,"column":34}},"95":{"start":{"line":164,"column":0},"end":{"line":164,"column":15}}},"fnMap":{"0":{"name":"createCommunity","decl":{"start":{"line":5,"column":17},"end":{"line":5,"column":32}},"loc":{"start":{"line":5,"column":32},"end":{"line":30,"column":1}}},"1":{"name":"(anonymous_2)","decl":{"start":{"line":16,"column":28},"end":{"line":16,"column":37}},"loc":{"start":{"line":16,"column":41},"end":{"line":16,"column":65}}},"2":{"name":"addUserToCommunity","decl":{"start":{"line":32,"column":10},"end":{"line":32,"column":28}},"loc":{"start":{"line":33,"column":22},"end":{"line":67,"column":1}}},"3":{"name":"(anonymous_4)","decl":{"start":{"line":37,"column":21},"end":{"line":37,"column":22}},"loc":{"start":{"line":37,"column":26},"end":{"line":37,"column":40}}},"4":{"name":"(anonymous_5)","decl":{"start":{"line":46,"column":31},"end":{"line":46,"column":35}},"loc":{"start":{"line":46,"column":39},"end":{"line":46,"column":56}}},"5":{"name":"removeUserFromCommunity","decl":{"start":{"line":69,"column":10},"end":{"line":69,"column":33}},"loc":{"start":{"line":70,"column":22},"end":{"line":98,"column":1}}},"6":{"name":"(anonymous_7)","decl":{"start":{"line":74,"column":30},"end":{"line":74,"column":31}},"loc":{"start":{"line":74,"column":35},"end":{"line":74,"column":49}}},"7":{"name":"(anonymous_8)","decl":{"start":{"line":83,"column":32},"end":{"line":83,"column":38}},"loc":{"start":{"line":83,"column":42},"end":{"line":83,"column":61}}},"8":{"name":"manageCommunity","decl":{"start":{"line":108,"column":10},"end":{"line":108,"column":25}},"loc":{"start":{"line":109,"column":23},"end":{"line":162,"column":1}}},"9":{"name":"(anonymous_10)","decl":{"start":{"line":111,"column":40},"end":{"line":111,"column":44}},"loc":{"start":{"line":111,"column":48},"end":{"line":111,"column":75}}},"10":{"name":"(anonymous_11)","decl":{"start":{"line":135,"column":10},"end":{"line":135,"column":14}},"loc":{"start":{"line":135,"column":18},"end":{"line":135,"column":45}}},"11":{"name":"manageCommunities","decl":{"start":{"line":164,"column":17},"end":{"line":164,"column":34}},"loc":{"start":{"line":164,"column":34},"end":{"line":183,"column":1}}},"12":{"name":"(anonymous_13)","decl":{"start":{"line":176,"column":29},"end":{"line":176,"column":33}},"loc":{"start":{"line":176,"column":37},"end":{"line":176,"column":56}}}},"branchMap":{"0":{"loc":{"start":{"line":11,"column":4},"end":{"line":14,"column":5}},"type":"if","locations":[{"start":{"line":11,"column":4},"end":{"line":14,"column":5}}]},"1":{"loc":{"start":{"line":16,"column":4},"end":{"line":19,"column":5}},"type":"if","locations":[{"start":{"line":16,"column":4},"end":{"line":19,"column":5}}]},"2":{"loc":{"start":{"line":42,"column":4},"end":{"line":44,"column":5}},"type":"if","locations":[{"start":{"line":42,"column":4},"end":{"line":44,"column":5}}]},"3":{"loc":{"start":{"line":47,"column":4},"end":{"line":50,"column":5}},"type":"if","locations":[{"start":{"line":47,"column":4},"end":{"line":50,"column":5}}]},"4":{"loc":{"start":{"line":52,"column":4},"end":{"line":55,"column":5}},"type":"if","locations":[{"start":{"line":52,"column":4},"end":{"line":55,"column":5}}]},"5":{"loc":{"start":{"line":61,"column":4},"end":{"line":65,"column":5}},"type":"if","locations":[{"start":{"line":61,"column":4},"end":{"line":65,"column":5}},{"start":{"line":63,"column":11},"end":{"line":65,"column":5}}]},"6":{"loc":{"start":{"line":79,"column":4},"end":{"line":81,"column":5}},"type":"if","locations":[{"start":{"line":79,"column":4},"end":{"line":81,"column":5}}]},"7":{"loc":{"start":{"line":83,"column":4},"end":{"line":86,"column":5}},"type":"if","locations":[{"start":{"line":83,"column":4},"end":{"line":86,"column":5}}]},"8":{"loc":{"start":{"line":92,"column":4},"end":{"line":96,"column":5}},"type":"if","locations":[{"start":{"line":92,"column":4},"end":{"line":96,"column":5}},{"start":{"line":94,"column":11},"end":{"line":96,"column":5}}]},"9":{"loc":{"start":{"line":112,"column":2},"end":{"line":114,"column":3}},"type":"if","locations":[{"start":{"line":112,"column":2},"end":{"line":114,"column":3}}]},"10":{"loc":{"start":{"line":125,"column":4},"end":{"line":129,"column":5}},"type":"if","locations":[{"start":{"line":125,"column":4},"end":{"line":129,"column":5}}]},"11":{"loc":{"start":{"line":131,"column":4},"end":{"line":140,"column":5}},"type":"if","locations":[{"start":{"line":131,"column":4},"end":{"line":140,"column":5}}]},"12":{"loc":{"start":{"line":133,"column":6},"end":{"line":139,"column":7}},"type":"if","locations":[{"start":{"line":133,"column":6},"end":{"line":139,"column":7}}]},"13":{"loc":{"start":{"line":142,"column":4},"end":{"line":144,"column":5}},"type":"if","locations":[{"start":{"line":142,"column":4},"end":{"line":144,"column":5}}]},"14":{"loc":{"start":{"line":146,"column":4},"end":{"line":148,"column":5}},"type":"if","locations":[{"start":{"line":146,"column":4},"end":{"line":148,"column":5}}]},"15":{"loc":{"start":{"line":150,"column":4},"end":{"line":152,"column":5}},"type":"if","locations":[{"start":{"line":150,"column":4},"end":{"line":152,"column":5}}]},"16":{"loc":{"start":{"line":154,"column":4},"end":{"line":156,"column":5}},"type":"if","locations":[{"start":{"line":154,"column":4},"end":{"line":156,"column":5}}]},"17":{"loc":{"start":{"line":158,"column":4},"end":{"line":160,"column":5}},"type":"if","locations":[{"start":{"line":158,"column":4},"end":{"line":160,"column":5}}]},"18":{"loc":{"start":{"line":172,"column":4},"end":{"line":174,"column":5}},"type":"if","locations":[{"start":{"line":172,"column":4},"end":{"line":174,"column":5}}]},"19":{"loc":{"start":{"line":176,"column":4},"end":{"line":179,"column":5}},"type":"if","locations":[{"start":{"line":176,"column":4},"end":{"line":179,"column":5}}]}},"s":{"0":0,"1":0,"2":0,"3":0,"4":0,"5":0,"6":0,"7":0,"8":0,"9":0,"10":0,"11":0,"12":0,"13":0,"14":0,"15":0,"16":0,"17":0,"18":0,"19":0,"20":0,"21":0,"22":0,"23":0,"24":0,"25":0,"26":0,"27":0,"28":0,"29":0,"30":0,"31":0,"32":0,"33":0,"34":0,"35":0,"36":0,"37":0,"38":0,"39":0,"40":0,"41":0,"42":0,"43":0,"44":0,"45":0,"46":0,"47":0,"48":0,"49":0,"50":0,"51":0,"52":0,"53":0,"54":0,"55":0,"56":0,"57":0,"58":0,"59":0,"60":0,"61":0,"62":0,"63":0,"64":0,"65":0,"66":0,"67":0,"68":0,"69":0,"70":0,"71":0,"72":0,"73":0,"74":0,"75":0,"76":0,"77":0,"78":0,"79":0,"80":0,"81":0,"82":0,"83":0,"84":0,"85":0,"86":0,"87":0,"88":0,"89":0,"90":0,"91":0,"92":0,"93":0,"94":0,"95":0},"f":{"0":0,"1":0,"2":0,"3":0,"4":0,"5":0,"6":0,"7":0,"8":0,"9":0,"10":0,"11":0,"12":0},"b":{"0":[0],"1":[0],"2":[0],"3":[0],"4":[0],"5":[0,0],"6":[0],"7":[0],"8":[0,0],"9":[0],"10":[0],"11":[0],"12":[0],"13":[0],"14":[0],"15":[0],"16":[0],"17":[0],"18":[0],"19":[0]}}
,"/Users/yholomb/personal/test-ts/src/flows/gamers.ts": {"path":"/Users/yholomb/personal/test-ts/src/flows/gamers.ts","statementMap":{"0":{"start":{"line":1,"column":0},"end":{"line":1,"column":43}},"1":{"start":{"line":2,"column":0},"end":{"line":2,"column":23}},"2":{"start":{"line":4,"column":0},"end":{"line":4,"column":40}},"3":{"start":{"line":6,"column":25},"end":{"line":6,"column":57}},"4":{"start":{"line":9,"column":19},"end":{"line":9,"column":45}},"5":{"start":{"line":11,"column":15},"end":{"line":11,"column":31}},"6":{"start":{"line":12,"column":20},"end":{"line":12,"column":25}},"7":{"start":{"line":14,"column":2},"end":{"line":24,"column":25}},"8":{"start":{"line":15,"column":18},"end":{"line":15,"column":69}},"9":{"start":{"line":16,"column":4},"end":{"line":21,"column":5}},"10":{"start":{"line":17,"column":6},"end":{"line":19,"column":8}},"11":{"start":{"line":20,"column":6},"end":{"line":20,"column":15}},"12":{"start":{"line":22,"column":4},"end":{"line":22,"column":29}},"13":{"start":{"line":23,"column":4},"end":{"line":23,"column":23}},"14":{"start":{"line":26,"column":18},"end":{"line":26,"column":50}},"15":{"start":{"line":27,"column":2},"end":{"line":27,"column":25}},"16":{"start":{"line":29,"column":2},"end":{"line":29,"column":14}},"17":{"start":{"line":31,"column":2},"end":{"line":31,"column":36}},"18":{"start":{"line":8,"column":0},"end":{"line":8,"column":15}},"19":{"start":{"line":35,"column":2},"end":{"line":60,"column":17}},"20":{"start":{"line":36,"column":4},"end":{"line":36,"column":36}},"21":{"start":{"line":37,"column":4},"end":{"line":37,"column":36}},"22":{"start":{"line":37,"column":26},"end":{"line":37,"column":34}},"23":{"start":{"line":40,"column":6},"end":{"line":40,"column":89}},"24":{"start":{"line":42,"column":4},"end":{"line":44,"column":5}},"25":{"start":{"line":43,"column":6},"end":{"line":43,"column":16}},"26":{"start":{"line":46,"column":4},"end":{"line":49,"column":5}},"27":{"start":{"line":46,"column":31},"end":{"line":46,"column":51}},"28":{"start":{"line":47,"column":6},"end":{"line":47,"column":60}},"29":{"start":{"line":48,"column":6},"end":{"line":48,"column":15}},"30":{"start":{"line":51,"column":4},"end":{"line":51,"column":56}},"31":{"start":{"line":51,"column":36},"end":{"line":51,"column":56}},"32":{"start":{"line":54,"column":6},"end":{"line":54,"column":65}},"33":{"start":{"line":55,"column":4},"end":{"line":59,"column":5}},"34":{"start":{"line":56,"column":6},"end":{"line":56,"column":15}},"35":{"start":{"line":58,"column":6},"end":{"line":58,"column":16}},"36":{"start":{"line":64,"column":2},"end":{"line":89,"column":17}},"37":{"start":{"line":65,"column":4},"end":{"line":65,"column":41}},"38":{"start":{"line":66,"column":4},"end":{"line":66,"column":44}},"39":{"start":{"line":66,"column":28},"end":{"line":66,"column":42}},"40":{"start":{"line":69,"column":6},"end":{"line":69,"column":92}},"41":{"start":{"line":71,"column":4},"end":{"line":73,"column":5}},"42":{"start":{"line":72,"column":6},"end":{"line":72,"column":16}},"43":{"start":{"line":75,"column":4},"end":{"line":78,"column":5}},"44":{"start":{"line":75,"column":33},"end":{"line":75,"column":47}},"45":{"start":{"line":76,"column":6},"end":{"line":76,"column":60}},"46":{"start":{"line":77,"column":6},"end":{"line":77,"column":15}},"47":{"start":{"line":80,"column":4},"end":{"line":80,"column":27}},"48":{"start":{"line":83,"column":6},"end":{"line":83,"column":68}},"49":{"start":{"line":84,"column":4},"end":{"line":88,"column":5}},"50":{"start":{"line":85,"column":6},"end":{"line":85,"column":15}},"51":{"start":{"line":87,"column":6},"end":{"line":87,"column":16}},"52":{"start":{"line":92,"column":27},"end":{"line":92,"column":77}},"53":{"start":{"line":94,"column":15},"end":{"line":94,"column":56}},"54":{"start":{"line":94,"column":37},"end":{"line":94,"column":55}},"55":{"start":{"line":95,"column":2},"end":{"line":97,"column":3}},"56":{"start":{"line":96,"column":4},"end":{"line":96,"column":21}},"57":{"start":{"line":98,"column":2},"end":{"line":98,"column":34}},"58":{"start":{"line":99,"column":2},"end":{"line":99,"column":22}},"59":{"start":{"line":101,"column":2},"end":{"line":101,"column":53}},"60":{"start":{"line":103,"column":14},"end":{"line":103,"column":16}},"61":{"start":{"line":104,"column":2},"end":{"line":133,"column":17}},"62":{"start":{"line":105,"column":4},"end":{"line":105,"column":74}},"63":{"start":{"line":107,"column":4},"end":{"line":111,"column":5}},"64":{"start":{"line":108,"column":6},"end":{"line":110,"column":8}},"65":{"start":{"line":113,"column":4},"end":{"line":120,"column":5}},"66":{"start":{"line":114,"column":27},"end":{"line":114,"column":79}},"67":{"start":{"line":115,"column":6},"end":{"line":119,"column":7}},"68":{"start":{"line":116,"column":8},"end":{"line":116,"column":63}},"69":{"start":{"line":116,"column":43},"end":{"line":116,"column":61}},"70":{"start":{"line":118,"column":8},"end":{"line":118,"column":26}},"71":{"start":{"line":122,"column":4},"end":{"line":124,"column":5}},"72":{"start":{"line":123,"column":6},"end":{"line":123,"column":34}},"73":{"start":{"line":126,"column":4},"end":{"line":128,"column":5}},"74":{"start":{"line":127,"column":6},"end":{"line":127,"column":38}},"75":{"start":{"line":130,"column":4},"end":{"line":132,"column":5}},"76":{"start":{"line":131,"column":6},"end":{"line":131,"column":24}},"77":{"start":{"line":137,"column":2},"end":{"line":154,"column":17}},"78":{"start":{"line":138,"column":4},"end":{"line":138,"column":36}},"79":{"start":{"line":139,"column":4},"end":{"line":139,"column":28}},"80":{"start":{"line":142,"column":6},"end":{"line":142,"column":84}},"81":{"start":{"line":144,"column":4},"end":{"line":146,"column":5}},"82":{"start":{"line":145,"column":6},"end":{"line":145,"column":24}},"83":{"start":{"line":148,"column":4},"end":{"line":151,"column":5}},"84":{"start":{"line":148,"column":31},"end":{"line":148,"column":48}},"85":{"start":{"line":149,"column":6},"end":{"line":149,"column":53}},"86":{"start":{"line":150,"column":6},"end":{"line":150,"column":15}},"87":{"start":{"line":153,"column":4},"end":{"line":153,"column":29}},"88":{"start":{"line":136,"column":0},"end":{"line":136,"column":15}}},"fnMap":{"0":{"name":"createGamer","decl":{"start":{"line":8,"column":17},"end":{"line":8,"column":28}},"loc":{"start":{"line":8,"column":28},"end":{"line":32,"column":1}}},"1":{"name":"addGameForUser","decl":{"start":{"line":34,"column":10},"end":{"line":34,"column":24}},"loc":{"start":{"line":34,"column":36},"end":{"line":61,"column":1}}},"2":{"name":"(anonymous_3)","decl":{"start":{"line":37,"column":21},"end":{"line":37,"column":22}},"loc":{"start":{"line":37,"column":26},"end":{"line":37,"column":34}}},"3":{"name":"(anonymous_4)","decl":{"start":{"line":46,"column":23},"end":{"line":46,"column":27}},"loc":{"start":{"line":46,"column":31},"end":{"line":46,"column":51}}},"4":{"name":"removeGameFromUser","decl":{"start":{"line":63,"column":10},"end":{"line":63,"column":28}},"loc":{"start":{"line":63,"column":40},"end":{"line":90,"column":1}}},"5":{"name":"(anonymous_6)","decl":{"start":{"line":66,"column":23},"end":{"line":66,"column":24}},"loc":{"start":{"line":66,"column":28},"end":{"line":66,"column":42}}},"6":{"name":"(anonymous_7)","decl":{"start":{"line":75,"column":25},"end":{"line":75,"column":29}},"loc":{"start":{"line":75,"column":33},"end":{"line":75,"column":47}}},"7":{"name":"manageUser","decl":{"start":{"line":93,"column":10},"end":{"line":93,"column":20}},"loc":{"start":{"line":93,"column":35},"end":{"line":134,"column":1}}},"8":{"name":"(anonymous_9)","decl":{"start":{"line":94,"column":29},"end":{"line":94,"column":33}},"loc":{"start":{"line":94,"column":37},"end":{"line":94,"column":55}}},"9":{"name":"(anonymous_10)","decl":{"start":{"line":116,"column":35},"end":{"line":116,"column":39}},"loc":{"start":{"line":116,"column":43},"end":{"line":116,"column":61}}},"10":{"name":"manageUsers","decl":{"start":{"line":136,"column":17},"end":{"line":136,"column":28}},"loc":{"start":{"line":136,"column":28},"end":{"line":155,"column":1}}},"11":{"name":"(anonymous_12)","decl":{"start":{"line":148,"column":23},"end":{"line":148,"column":27}},"loc":{"start":{"line":148,"column":31},"end":{"line":148,"column":48}}}},"branchMap":{"0":{"loc":{"start":{"line":16,"column":4},"end":{"line":21,"column":5}},"type":"if","locations":[{"start":{"line":16,"column":4},"end":{"line":21,"column":5}}]},"1":{"loc":{"start":{"line":42,"column":4},"end":{"line":44,"column":5}},"type":"if","locations":[{"start":{"line":42,"column":4},"end":{"line":44,"column":5}}]},"2":{"loc":{"start":{"line":46,"column":4},"end":{"line":49,"column":5}},"type":"if","locations":[{"start":{"line":46,"column":4},"end":{"line":49,"column":5}}]},"3":{"loc":{"start":{"line":51,"column":4},"end":{"line":51,"column":56}},"type":"if","locations":[{"start":{"line":51,"column":4},"end":{"line":51,"column":56}}]},"4":{"loc":{"start":{"line":55,"column":4},"end":{"line":59,"column":5}},"type":"if","locations":[{"start":{"line":55,"column":4},"end":{"line":59,"column":5}},{"start":{"line":57,"column":11},"end":{"line":59,"column":5}}]},"5":{"loc":{"start":{"line":71,"column":4},"end":{"line":73,"column":5}},"type":"if","locations":[{"start":{"line":71,"column":4},"end":{"line":73,"column":5}}]},"6":{"loc":{"start":{"line":75,"column":4},"end":{"line":78,"column":5}},"type":"if","locations":[{"start":{"line":75,"column":4},"end":{"line":78,"column":5}}]},"7":{"loc":{"start":{"line":84,"column":4},"end":{"line":88,"column":5}},"type":"if","locations":[{"start":{"line":84,"column":4},"end":{"line":88,"column":5}},{"start":{"line":86,"column":11},"end":{"line":88,"column":5}}]},"8":{"loc":{"start":{"line":95,"column":2},"end":{"line":97,"column":3}},"type":"if","locations":[{"start":{"line":95,"column":2},"end":{"line":97,"column":3}}]},"9":{"loc":{"start":{"line":107,"column":4},"end":{"line":111,"column":5}},"type":"if","locations":[{"start":{"line":107,"column":4},"end":{"line":111,"column":5}}]},"10":{"loc":{"start":{"line":113,"column":4},"end":{"line":120,"column":5}},"type":"if","locations":[{"start":{"line":113,"column":4},"end":{"line":120,"column":5}}]},"11":{"loc":{"start":{"line":115,"column":6},"end":{"line":119,"column":7}},"type":"if","locations":[{"start":{"line":115,"column":6},"end":{"line":119,"column":7}}]},"12":{"loc":{"start":{"line":122,"column":4},"end":{"line":124,"column":5}},"type":"if","locations":[{"start":{"line":122,"column":4},"end":{"line":124,"column":5}}]},"13":{"loc":{"start":{"line":126,"column":4},"end":{"line":128,"column":5}},"type":"if","locations":[{"start":{"line":126,"column":4},"end":{"line":128,"column":5}}]},"14":{"loc":{"start":{"line":130,"column":4},"end":{"line":132,"column":5}},"type":"if","locations":[{"start":{"line":130,"column":4},"end":{"line":132,"column":5}}]},"15":{"loc":{"start":{"line":144,"column":4},"end":{"line":146,"column":5}},"type":"if","locations":[{"start":{"line":144,"column":4},"end":{"line":146,"column":5}}]},"16":{"loc":{"start":{"line":148,"column":4},"end":{"line":151,"column":5}},"type":"if","locations":[{"start":{"line":148,"column":4},"end":{"line":151,"column":5}}]}},"s":{"0":0,"1":0,"2":0,"3":0,"4":0,"5":0,"6":0,"7":0,"8":0,"9":0,"10":0,"11":0,"12":0,"13":0,"14":0,"15":0,"16":0,"17":0,"18":0,"19":0,"20":0,"21":0,"22":0,"23":0,"24":0,"25":0,"26":0,"27":0,"28":0,"29":0,"30":0,"31":0,"32":0,"33":0,"34":0,"35":0,"36":0,"37":0,"38":0,"39":0,"40":0,"41":0,"42":0,"43":0,"44":0,"45":0,"46":0,"47":0,"48":0,"49":0,"50":0,"51":0,"52":0,"53":0,"54":0,"55":0,"56":0,"57":0,"58":0,"59":0,"60":0,"61":0,"62":0,"63":0,"64":0,"65":0,"66":0,"67":0,"68":0,"69":0,"70":0,"71":0,"72":0,"73":0,"74":0,"75":0,"76":0,"77":0,"78":0,"79":0,"80":0,"81":0,"82":0,"83":0,"84":0,"85":0,"86":0,"87":0,"88":0},"f":{"0":0,"1":0,"2":0,"3":0,"4":0,"5":0,"6":0,"7":0,"8":0,"9":0,"10":0,"11":0},"b":{"0":[0],"1":[0],"2":[0],"3":[0],"4":[0,0],"5":[0],"6":[0],"7":[0,0],"8":[0],"9":[0],"10":[0],"11":[0],"12":[0],"13":[0],"14":[0],"15":[0],"16":[0]}}
,"/Users/yholomb/personal/test-ts/src/flows/games.ts": {"path":"/Users/yholomb/personal/test-ts/src/flows/games.ts","statementMap":{"0":{"start":{"line":1,"column":0},"end":{"line":1,"column":44}},"1":{"start":{"line":2,"column":0},"end":{"line":2,"column":23}},"2":{"start":{"line":4,"column":0},"end":{"line":4,"column":39}},"3":{"start":{"line":6,"column":24},"end":{"line":6,"column":56}},"4":{"start":{"line":9,"column":17},"end":{"line":9,"column":19}},"5":{"start":{"line":10,"column":18},"end":{"line":10,"column":23}},"6":{"start":{"line":12,"column":2},"end":{"line":25,"column":23}},"7":{"start":{"line":13,"column":18},"end":{"line":13,"column":45}},"8":{"start":{"line":14,"column":4},"end":{"line":17,"column":5}},"9":{"start":{"line":15,"column":6},"end":{"line":15,"column":55}},"10":{"start":{"line":16,"column":6},"end":{"line":16,"column":15}},"11":{"start":{"line":19,"column":4},"end":{"line":21,"column":5}},"12":{"start":{"line":19,"column":30},"end":{"line":19,"column":52}},"13":{"start":{"line":20,"column":6},"end":{"line":20,"column":56}},"14":{"start":{"line":23,"column":4},"end":{"line":23,"column":21}},"15":{"start":{"line":24,"column":4},"end":{"line":24,"column":21}},"16":{"start":{"line":27,"column":17},"end":{"line":27,"column":18}},"17":{"start":{"line":28,"column":22},"end":{"line":28,"column":27}},"18":{"start":{"line":30,"column":2},"end":{"line":52,"column":27}},"19":{"start":{"line":31,"column":18},"end":{"line":31,"column":44}},"20":{"start":{"line":33,"column":24},"end":{"line":33,"column":37}},"21":{"start":{"line":35,"column":4},"end":{"line":38,"column":5}},"22":{"start":{"line":36,"column":6},"end":{"line":36,"column":49}},"23":{"start":{"line":37,"column":6},"end":{"line":37,"column":15}},"24":{"start":{"line":40,"column":4},"end":{"line":43,"column":5}},"25":{"start":{"line":41,"column":6},"end":{"line":41,"column":52}},"26":{"start":{"line":42,"column":6},"end":{"line":42,"column":15}},"27":{"start":{"line":45,"column":4},"end":{"line":48,"column":5}},"28":{"start":{"line":46,"column":6},"end":{"line":46,"column":45}},"29":{"start":{"line":47,"column":6},"end":{"line":47,"column":15}},"30":{"start":{"line":50,"column":4},"end":{"line":50,"column":27}},"31":{"start":{"line":51,"column":4},"end":{"line":51,"column":25}},"32":{"start":{"line":54,"column":21},"end":{"line":54,"column":32}},"33":{"start":{"line":55,"column":19},"end":{"line":55,"column":24}},"34":{"start":{"line":57,"column":2},"end":{"line":67,"column":24}},"35":{"start":{"line":58,"column":18},"end":{"line":58,"column":72}},"36":{"start":{"line":59,"column":4},"end":{"line":64,"column":5}},"37":{"start":{"line":60,"column":6},"end":{"line":62,"column":8}},"38":{"start":{"line":63,"column":6},"end":{"line":63,"column":15}},"39":{"start":{"line":65,"column":4},"end":{"line":65,"column":27}},"40":{"start":{"line":66,"column":4},"end":{"line":66,"column":22}},"41":{"start":{"line":69,"column":2},"end":{"line":69,"column":58}},"42":{"start":{"line":71,"column":2},"end":{"line":71,"column":15}},"43":{"start":{"line":73,"column":2},"end":{"line":73,"column":20}},"44":{"start":{"line":8,"column":0},"end":{"line":8,"column":15}}},"fnMap":{"0":{"name":"createGame","decl":{"start":{"line":8,"column":17},"end":{"line":8,"column":27}},"loc":{"start":{"line":8,"column":27},"end":{"line":74,"column":1}}},"1":{"name":"(anonymous_2)","decl":{"start":{"line":19,"column":22},"end":{"line":19,"column":26}},"loc":{"start":{"line":19,"column":30},"end":{"line":19,"column":52}}}},"branchMap":{"0":{"loc":{"start":{"line":14,"column":4},"end":{"line":17,"column":5}},"type":"if","locations":[{"start":{"line":14,"column":4},"end":{"line":17,"column":5}}]},"1":{"loc":{"start":{"line":19,"column":4},"end":{"line":21,"column":5}},"type":"if","locations":[{"start":{"line":19,"column":4},"end":{"line":21,"column":5}}]},"2":{"loc":{"start":{"line":35,"column":4},"end":{"line":38,"column":5}},"type":"if","locations":[{"start":{"line":35,"column":4},"end":{"line":38,"column":5}}]},"3":{"loc":{"start":{"line":40,"column":4},"end":{"line":43,"column":5}},"type":"if","locations":[{"start":{"line":40,"column":4},"end":{"line":43,"column":5}}]},"4":{"loc":{"start":{"line":45,"column":4},"end":{"line":48,"column":5}},"type":"if","locations":[{"start":{"line":45,"column":4},"end":{"line":48,"column":5}}]},"5":{"loc":{"start":{"line":59,"column":4},"end":{"line":64,"column":5}},"type":"if","locations":[{"start":{"line":59,"column":4},"end":{"line":64,"column":5}}]}},"s":{"0":0,"1":0,"2":0,"3":0,"4":0,"5":0,"6":0,"7":0,"8":0,"9":0,"10":0,"11":0,"12":0,"13":0,"14":0,"15":0,"16":0,"17":0,"18":0,"19":0,"20":0,"21":0,"22":0,"23":0,"24":0,"25":0,"26":0,"27":0,"28":0,"29":0,"30":0,"31":0,"32":0,"33":0,"34":0,"35":0,"36":0,"37":0,"38":0,"39":0,"40":0,"41":0,"42":0,"43":0,"44":0},"f":{"0":0,"1":0},"b":{"0":[0],"1":[0],"2":[0],"3":[0],"4":[0],"5":[0]}}
}
