TN:
SF:src/runner.ts
FN:13,(anonymous_0)
FN:18,(anonymous_1)
FNF:2
FNH:0
FNDA:0,(anonymous_0)
FNDA:0,(anonymous_1)
DA:1,0
DA:2,0
DA:3,0
DA:5,0
DA:6,0
DA:7,0
DA:8,0
DA:9,0
DA:10,0
DA:19,0
DA:20,0
DA:22,0
DA:23,0
DA:26,0
DA:29,0
DA:31,0
DA:33,0
DA:35,0
DA:36,0
DA:43,0
LF:20
LH:0
BRDA:19,0,0,0
BRDA:19,1,0,0
BRDA:19,1,1,0
BRDA:22,2,0,0
BRDA:35,3,0,0
BRF:5
BRH:0
end_of_record
TN:
SF:src/entities/Community.ts
FN:11,createNewTopThree
FN:36,(anonymous_1)
FN:43,(anonymous_2)
FN:47,(anonymous_3)
FN:48,(anonymous_4)
FN:51,(anonymous_5)
FN:52,(anonymous_6)
FN:55,(anonymous_7)
FN:56,(anonymous_8)
FN:59,(anonymous_9)
FN:63,(anonymous_10)
FN:67,(anonymous_11)
FN:71,(anonymous_12)
FN:79,(anonymous_13)
FN:83,(anonymous_14)
FN:91,(anonymous_15)
FN:97,(anonymous_16)
FN:98,(anonymous_17)
FN:111,(anonymous_18)
FNF:19
FNH:19
FNDA:4,createNewTopThree
FNDA:12,(anonymous_1)
FNDA:15,(anonymous_2)
FNDA:4,(anonymous_3)
FNDA:4,(anonymous_4)
FNDA:1,(anonymous_5)
FNDA:1,(anonymous_6)
FNDA:2,(anonymous_7)
FNDA:2,(anonymous_8)
FNDA:2,(anonymous_9)
FNDA:1,(anonymous_10)
FNDA:2,(anonymous_11)
FNDA:1,(anonymous_12)
FNDA:2,(anonymous_13)
FNDA:1,(anonymous_14)
FNDA:1,(anonymous_15)
FNDA:4,(anonymous_16)
FNDA:8,(anonymous_17)
FNDA:4,(anonymous_18)
DA:5,1
DA:12,4
DA:13,1
DA:14,1
DA:15,1
DA:17,1
DA:20,3
DA:21,1
DA:22,1
DA:24,1
DA:27,2
DA:28,1
DA:30,1
DA:32,1
DA:37,12
DA:41,12
DA:44,15
DA:48,4
DA:52,1
DA:56,2
DA:60,2
DA:61,1
DA:63,1
DA:64,1
DA:68,2
DA:69,1
DA:71,1
DA:76,1
DA:80,2
DA:81,1
DA:83,1
DA:84,1
DA:85,0
DA:87,1
DA:92,1
DA:93,0
DA:96,1
DA:98,4
DA:99,8
DA:100,4
DA:102,4
DA:106,4
DA:110,1
DA:112,4
DA:117,1
DA:118,0
DA:120,1
DA:124,1
DA:127,1
DA:131,1
DA:135,1
LF:51
LH:48
BRDA:12,0,0,1
BRDA:20,1,0,1
BRDA:27,2,0,1
BRDA:60,3,0,1
BRDA:68,4,0,1
BRDA:80,5,0,1
BRDA:84,6,0,0
BRDA:84,6,1,1
BRDA:92,7,0,0
BRDA:99,8,0,4
BRDA:99,8,1,4
BRDA:117,9,0,0
BRDA:117,9,1,1
BRF:13
BRH:10
end_of_record
TN:
SF:src/entities/Game.ts
FN:11,(anonymous_0)
FN:29,(anonymous_1)
FN:34,(anonymous_2)
FN:38,(anonymous_3)
FNF:4
FNH:1
FNDA:4,(anonymous_0)
FNDA:0,(anonymous_1)
FNDA:0,(anonymous_2)
FNDA:0,(anonymous_3)
DA:4,1
DA:12,4
DA:13,0
DA:16,4
DA:17,0
DA:20,4
DA:21,0
DA:24,4
DA:25,4
DA:26,4
DA:30,0
DA:35,0
DA:39,0
DA:46,1
LF:14
LH:8
BRDA:12,0,0,0
BRDA:16,1,0,0
BRDA:20,2,0,0
BRF:3
BRH:0
end_of_record
TN:
SF:src/entities/Gamer.ts
FN:7,(anonymous_0)
FN:18,(anonymous_1)
FN:22,(anonymous_2)
FN:26,(anonymous_3)
FN:27,(anonymous_4)
FN:30,(anonymous_5)
FNF:6
FNH:6
FNDA:20,(anonymous_0)
FNDA:3,(anonymous_1)
FNDA:6,(anonymous_2)
FNDA:1,(anonymous_3)
FNDA:3,(anonymous_4)
FNDA:3,(anonymous_5)
DA:1,2
DA:8,20
DA:9,20
DA:10,20
DA:16,20
DA:19,3
DA:23,6
DA:27,3
DA:31,3
DA:35,2
LF:10
LH:10
BRF:0
BRH:0
end_of_record
TN:
SF:src/flows/communities.ts
FN:5,createCommunity
FN:16,(anonymous_2)
FN:32,addUserToCommunity
FN:37,(anonymous_4)
FN:46,(anonymous_5)
FN:69,removeUserFromCommunity
FN:74,(anonymous_7)
FN:83,(anonymous_8)
FN:108,manageCommunity
FN:111,(anonymous_10)
FN:135,(anonymous_11)
FN:164,manageCommunities
FN:176,(anonymous_13)
FNF:13
FNH:0
FNDA:0,createCommunity
FNDA:0,(anonymous_2)
FNDA:0,addUserToCommunity
FNDA:0,(anonymous_4)
FNDA:0,(anonymous_5)
FNDA:0,removeUserFromCommunity
FNDA:0,(anonymous_7)
FNDA:0,(anonymous_8)
FNDA:0,manageCommunity
FNDA:0,(anonymous_10)
FNDA:0,(anonymous_11)
FNDA:0,manageCommunities
FNDA:0,(anonymous_13)
DA:1,0
DA:3,0
DA:5,0
DA:6,0
DA:7,0
DA:9,0
DA:10,0
DA:11,0
DA:12,0
DA:13,0
DA:16,0
DA:17,0
DA:18,0
DA:21,0
DA:22,0
DA:25,0
DA:27,0
DA:29,0
DA:35,0
DA:36,0
DA:37,0
DA:40,0
DA:42,0
DA:43,0
DA:46,0
DA:47,0
DA:48,0
DA:49,0
DA:52,0
DA:53,0
DA:54,0
DA:57,0
DA:60,0
DA:61,0
DA:62,0
DA:64,0
DA:72,0
DA:73,0
DA:74,0
DA:77,0
DA:79,0
DA:80,0
DA:83,0
DA:84,0
DA:85,0
DA:88,0
DA:91,0
DA:92,0
DA:93,0
DA:95,0
DA:100,0
DA:111,0
DA:112,0
DA:113,0
DA:115,0
DA:116,0
DA:118,0
DA:120,0
DA:121,0
DA:122,0
DA:125,0
DA:126,0
DA:131,0
DA:132,0
DA:133,0
DA:134,0
DA:135,0
DA:138,0
DA:142,0
DA:143,0
DA:146,0
DA:147,0
DA:150,0
DA:151,0
DA:154,0
DA:155,0
DA:158,0
DA:159,0
DA:164,0
DA:165,0
DA:166,0
DA:167,0
DA:170,0
DA:172,0
DA:173,0
DA:176,0
DA:177,0
DA:178,0
DA:181,0
LF:89
LH:0
BRDA:11,0,0,0
BRDA:16,1,0,0
BRDA:42,2,0,0
BRDA:47,3,0,0
BRDA:52,4,0,0
BRDA:61,5,0,0
BRDA:61,5,1,0
BRDA:79,6,0,0
BRDA:83,7,0,0
BRDA:92,8,0,0
BRDA:92,8,1,0
BRDA:112,9,0,0
BRDA:125,10,0,0
BRDA:131,11,0,0
BRDA:133,12,0,0
BRDA:142,13,0,0
BRDA:146,14,0,0
BRDA:150,15,0,0
BRDA:154,16,0,0
BRDA:158,17,0,0
BRDA:172,18,0,0
BRDA:176,19,0,0
BRF:22
BRH:0
end_of_record
TN:
SF:src/flows/gamers.ts
FN:8,createGamer
FN:34,addGameForUser
FN:37,(anonymous_3)
FN:46,(anonymous_4)
FN:63,removeGameFromUser
FN:66,(anonymous_6)
FN:75,(anonymous_7)
FN:93,manageUser
FN:94,(anonymous_9)
FN:116,(anonymous_10)
FN:136,manageUsers
FN:148,(anonymous_12)
FNF:12
FNH:0
FNDA:0,createGamer
FNDA:0,addGameForUser
FNDA:0,(anonymous_3)
FNDA:0,(anonymous_4)
FNDA:0,removeGameFromUser
FNDA:0,(anonymous_6)
FNDA:0,(anonymous_7)
FNDA:0,manageUser
FNDA:0,(anonymous_9)
FNDA:0,(anonymous_10)
FNDA:0,manageUsers
FNDA:0,(anonymous_12)
DA:1,0
DA:2,0
DA:4,0
DA:6,0
DA:8,0
DA:9,0
DA:11,0
DA:12,0
DA:14,0
DA:15,0
DA:16,0
DA:17,0
DA:20,0
DA:22,0
DA:23,0
DA:26,0
DA:27,0
DA:29,0
DA:31,0
DA:35,0
DA:36,0
DA:37,0
DA:40,0
DA:42,0
DA:43,0
DA:46,0
DA:47,0
DA:48,0
DA:51,0
DA:54,0
DA:55,0
DA:56,0
DA:58,0
DA:64,0
DA:65,0
DA:66,0
DA:69,0
DA:71,0
DA:72,0
DA:75,0
DA:76,0
DA:77,0
DA:80,0
DA:83,0
DA:84,0
DA:85,0
DA:87,0
DA:92,0
DA:94,0
DA:95,0
DA:96,0
DA:98,0
DA:99,0
DA:101,0
DA:103,0
DA:104,0
DA:105,0
DA:107,0
DA:108,0
DA:113,0
DA:114,0
DA:115,0
DA:116,0
DA:118,0
DA:122,0
DA:123,0
DA:126,0
DA:127,0
DA:130,0
DA:131,0
DA:136,0
DA:137,0
DA:138,0
DA:139,0
DA:142,0
DA:144,0
DA:145,0
DA:148,0
DA:149,0
DA:150,0
DA:153,0
LF:81
LH:0
BRDA:16,0,0,0
BRDA:42,1,0,0
BRDA:46,2,0,0
BRDA:51,3,0,0
BRDA:55,4,0,0
BRDA:55,4,1,0
BRDA:71,5,0,0
BRDA:75,6,0,0
BRDA:84,7,0,0
BRDA:84,7,1,0
BRDA:95,8,0,0
BRDA:107,9,0,0
BRDA:113,10,0,0
BRDA:115,11,0,0
BRDA:122,12,0,0
BRDA:126,13,0,0
BRDA:130,14,0,0
BRDA:144,15,0,0
BRDA:148,16,0,0
BRF:19
BRH:0
end_of_record
TN:
SF:src/flows/games.ts
FN:8,createGame
FN:19,(anonymous_2)
FNF:2
FNH:0
FNDA:0,createGame
FNDA:0,(anonymous_2)
DA:1,0
DA:2,0
DA:4,0
DA:6,0
DA:8,0
DA:9,0
DA:10,0
DA:12,0
DA:13,0
DA:14,0
DA:15,0
DA:16,0
DA:19,0
DA:20,0
DA:23,0
DA:24,0
DA:27,0
DA:28,0
DA:30,0
DA:31,0
DA:33,0
DA:35,0
DA:36,0
DA:37,0
DA:40,0
DA:41,0
DA:42,0
DA:45,0
DA:46,0
DA:47,0
DA:50,0
DA:51,0
DA:54,0
DA:55,0
DA:57,0
DA:58,0
DA:59,0
DA:60,0
DA:63,0
DA:65,0
DA:66,0
DA:69,0
DA:71,0
DA:73,0
LF:44
LH:0
BRDA:14,0,0,0
BRDA:19,1,0,0
BRDA:35,2,0,0
BRDA:40,3,0,0
BRDA:45,4,0,0
BRDA:59,5,0,0
BRF:6
BRH:0
end_of_record
